#
# A fatal error has been detected by the Java Runtime Environment:
#
#  EXCEPTION_ACCESS_VIOLATION (0xc0000005) at pc=0x61baac3d, pid=4640, tid=10092
#
# JRE version: Java(TM) SE Runtime Environment (8.0_74-b02) (build 1.8.0_74-b02)
# Java VM: Java HotSpot(TM) Client VM (25.74-b02 mixed mode windows-x86 )
# Problematic frame:
# V  [jvm.dll+0xcac3d]
#
# Failed to write core dump. Minidumps are not enabled by default on client versions of Windows
#
# If you would like to submit a bug report, please visit:
#   http://bugreport.java.com/bugreport/crash.jsp
#

---------------  T H R E A D  ---------------

Current thread (0x14eb3400):  JavaThread "JDWP Transport Listener: dt_socket" daemon [_thread_in_vm, id=10092, stack(0x15d20000,0x15d70000)]

siginfo: ExceptionCode=0xc0000005, reading address 0x00003b00

Registers:
EAX=0x00003b00, EBX=0x00000000, ECX=0x00003b00, EDX=0x00000000
ESP=0x15d6f548, EBP=0x15d6f54c, ESI=0x14eb3400, EDI=0x002c6fd8
EIP=0x61baac3d, EFLAGS=0x00010206

Top of Stack: (sp=0x15d6f548)
0x15d6f548:   14eb3400 15d6f574 61d07d34 00003b00
0x15d6f558:   15d6f62c 15d6f5af 14eb3400 00000000
0x15d6f568:   00000000 00000000 14eb3400 15d6f5b0
0x15d6f578:   61869f80 002c6fd8 00003b00 15d6f5af
0x15d6f588:   00003b00 6185436d 00003b00 15d6f5af
0x15d6f598:   00000009 00000000 00000000 f000100a
0x15d6f5a8:   00000000 01463b20 15d6f5d0 618544e0
0x15d6f5b8:   00000001 15d6f5ec 15d6f628 165f97e0 

Instructions: (pc=0x61baac3d)
0x61baac1d:   5d c3 52 e8 5b f9 ff ff 5d c3 cc cc cc cc cc cc
0x61baac2d:   cc cc cc 55 8b ec 8b 45 08 85 c0 75 02 5d c3 56
0x61baac3d:   8b 30 85 f6 74 17 83 fe 37 74 12 8b 06 8b 50 08
0x61baac4d:   8b ce ff d2 84 c0 74 05 8b c6 5e 5d c3 33 c0 5e 


Register to memory mapping:

EAX=0x00003b00 is an unknown value
EBX=0x00000000 is an unknown value
ECX=0x00003b00 is an unknown value
EDX=0x00000000 is an unknown value
ESP=0x15d6f548 is pointing into the stack for thread: 0x14eb3400
EBP=0x15d6f54c is pointing into the stack for thread: 0x14eb3400
ESI=0x14eb3400 is a thread
EDI=0x002c6fd8 is an unknown value


Stack: [0x15d20000,0x15d70000],  sp=0x15d6f548,  free space=317k
Native frames: (J=compiled Java code, j=interpreted, Vv=VM code, C=native code)
V  [jvm.dll+0xcac3d]
V  [jvm.dll+0x227d34]
C  [jdwp.dll+0x19f80]
C  [jdwp.dll+0x44e0]
C  [jdwp.dll+0x451e]
C  0x16080000


---------------  P R O C E S S  ---------------

Java Threads: ( => current thread )
  0x16436800 JavaThread "Thread-3" daemon [_thread_in_native, id=15120, stack(0x16dd0000,0x16e20000)]
  0x1645c800 JavaThread "JavaFX-Launcher" [_thread_blocked, id=1120, stack(0x18680000,0x186d0000)]
  0x1502a800 JavaThread "JavaFX Application Thread" [_thread_blocked, id=1156, stack(0x169e0000,0x16a30000)]
  0x1502a000 JavaThread "Thread-1" daemon [_thread_blocked, id=15136, stack(0x16ed0000,0x16f20000)]
  0x16400c00 JavaThread "QuantumRenderer-0" daemon [_thread_blocked, id=7768, stack(0x16300000,0x16350000)]
  0x14edc800 JavaThread "Service Thread" daemon [_thread_blocked, id=15084, stack(0x16070000,0x160c0000)]
  0x14ec3c00 JavaThread "C1 CompilerThread0" daemon [_thread_blocked, id=10264, stack(0x16240000,0x16290000)]
  0x14ebd800 JavaThread "JDWP Command Reader" daemon [_thread_in_native, id=7980, stack(0x161c0000,0x16210000)]
  0x14ebc800 JavaThread "JDWP Event Helper Thread" daemon [_thread_blocked, id=10416, stack(0x15fd0000,0x16020000)]
=>0x14eb3400 JavaThread "JDWP Transport Listener: dt_socket" daemon [_thread_in_vm, id=10092, stack(0x15d20000,0x15d70000)]
  0x14eba400 JavaThread "Attach Listener" daemon [_thread_blocked, id=14948, stack(0x152d0000,0x15320000)]
  0x14eb7400 JavaThread "Signal Dispatcher" daemon [_thread_blocked, id=12408, stack(0x00f00000,0x00f50000)]
  0x00563800 JavaThread "Finalizer" daemon [_thread_blocked, id=12944, stack(0x150c0000,0x15110000)]
  0x0055c800 JavaThread "Reference Handler" daemon [_thread_blocked, id=11576, stack(0x14cf0000,0x14d40000)]
  0x002cc400 JavaThread "main" [_thread_blocked, id=11056, stack(0x00570000,0x005c0000)]

Other Threads:
  0x00554c00 VMThread [stack: 0x00eb0000,0x00f00000] [id=13860]
  0x14eef800 WatcherThread [stack: 0x16130000,0x16180000] [id=12080]

VM state:not at safepoint (normal execution)

VM Mutex/Monitor currently owned by a thread: None

Heap:
 def new generation   total 4928K, used 1337K [0x04800000, 0x04d50000, 0x09d50000)
  eden space 4416K,  18% used [0x04800000, 0x048ce618, 0x04c50000)
  from space 512K, 100% used [0x04c50000, 0x04cd0000, 0x04cd0000)
  to   space 512K,   0% used [0x04cd0000, 0x04cd0000, 0x04d50000)
 tenured generation   total 10944K, used 5167K [0x09d50000, 0x0a800000, 0x14800000)
   the space 10944K,  47% used [0x09d50000, 0x0a25bcb8, 0x0a25be00, 0x0a800000)
 Metaspace       used 8562K, capacity 8891K, committed 8960K, reserved 9600K

Card table byte_map: [0x00d90000,0x00e20000] byte_map_base: 0x00d6c000

Polling page: 0x00160000

CodeCache: size=32768Kb used=1386Kb max_used=1395Kb free=31381Kb
 bounds [0x027a0000, 0x02900000, 0x047a0000]
 total_blobs=751 nmethods=486 adapters=204
 compilation: enabled

Compilation events (10 events):
Event: 8.099 Thread 0x14ec3c00  486             java.util.concurrent.atomic.AtomicBoolean::get (13 bytes)
Event: 8.099 Thread 0x14ec3c00 nmethod 486 0x02864a08 code [0x02864b00, 0x02864b90]
Event: 24.242 Thread 0x14ec3c00  487             com.sun.javafx.tk.quantum.QuantumToolkit$$Lambda$43/22217793::run (8 bytes)
Event: 24.243 Thread 0x14ec3c00 nmethod 487 0x0289f688 code [0x0289f7b0, 0x0289f8f4]
Event: 24.243 Thread 0x14ec3c00  488   !         com.sun.javafx.tk.quantum.QuantumToolkit::lambda$runToolkit$405 (16 bytes)
Event: 24.243 Thread 0x14ec3c00 nmethod 488 0x0289f2c8 code [0x0289f3f0, 0x0289f524]
Event: 24.243 Thread 0x14ec3c00  489             com.sun.javafx.tk.quantum.QuantumToolkit::postPulse (148 bytes)
Event: 24.246 Thread 0x14ec3c00 nmethod 489 0x0289e548 code [0x0289e740, 0x0289ed10]
Event: 24.246 Thread 0x14ec3c00  490             com.sun.javafx.tk.quantum.PaintCollector::hasDirty (5 bytes)
Event: 24.246 Thread 0x14ec3c00 nmethod 490 0x02864848 code [0x02864940, 0x028649c0]

GC Heap History (10 events):
Event: 0.288 GC heap before
{Heap before GC invocations=1 (full 0):
 def new generation   total 4928K, used 4928K [0x04800000, 0x04d50000, 0x09d50000)
  eden space 4416K, 100% used [0x04800000, 0x04c50000, 0x04c50000)
  from space 512K, 100% used [0x04cd0000, 0x04d50000, 0x04d50000)
  to   space 512K,   0% used [0x04c50000, 0x04c50000, 0x04cd0000)
 tenured generation   total 10944K, used 150K [0x09d50000, 0x0a800000, 0x14800000)
   the space 10944K,   1% used [0x09d50000, 0x09d759f8, 0x09d75a00, 0x0a800000)
 Metaspace       used 4671K, capacity 4971K, committed 4992K, reserved 5504K
Event: 0.292 GC heap after
Heap after GC invocations=2 (full 0):
 def new generation   total 4928K, used 512K [0x04800000, 0x04d50000, 0x09d50000)
  eden space 4416K,   0% used [0x04800000, 0x04800000, 0x04c50000)
  from space 512K, 100% used [0x04c50000, 0x04cd0000, 0x04cd0000)
  to   space 512K,   0% used [0x04cd0000, 0x04cd0000, 0x04d50000)
 tenured generation   total 10944K, used 1281K [0x09d50000, 0x0a800000, 0x14800000)
   the space 10944K,  11% used [0x09d50000, 0x09e90460, 0x09e90600, 0x0a800000)
 Metaspace       used 4671K, capacity 4971K, committed 4992K, reserved 5504K
}
Event: 0.453 GC heap before
{Heap before GC invocations=2 (full 0):
 def new generation   total 4928K, used 4928K [0x04800000, 0x04d50000, 0x09d50000)
  eden space 4416K, 100% used [0x04800000, 0x04c50000, 0x04c50000)
  from space 512K, 100% used [0x04c50000, 0x04cd0000, 0x04cd0000)
  to   space 512K,   0% used [0x04cd0000, 0x04cd0000, 0x04d50000)
 tenured generation   total 10944K, used 1281K [0x09d50000, 0x0a800000, 0x14800000)
   the space 10944K,  11% used [0x09d50000, 0x09e90460, 0x09e90600, 0x0a800000)
 Metaspace       used 6394K, capacity 6672K, committed 6784K, reserved 7552K
Event: 0.457 GC heap after
Heap after GC invocations=3 (full 0):
 def new generation   total 4928K, used 512K [0x04800000, 0x04d50000, 0x09d50000)
  eden space 4416K,   0% used [0x04800000, 0x04800000, 0x04c50000)
  from space 512K, 100% used [0x04cd0000, 0x04d50000, 0x04d50000)
  to   space 512K,   0% used [0x04c50000, 0x04c50000, 0x04cd0000)
 tenured generation   total 10944K, used 2276K [0x09d50000, 0x0a800000, 0x14800000)
   the space 10944K,  20% used [0x09d50000, 0x09f893b8, 0x09f89400, 0x0a800000)
 Metaspace       used 6394K, capacity 6672K, committed 6784K, reserved 7552K
}
Event: 0.500 GC heap before
{Heap before GC invocations=3 (full 0):
 def new generation   total 4928K, used 4928K [0x04800000, 0x04d50000, 0x09d50000)
  eden space 4416K, 100% used [0x04800000, 0x04c50000, 0x04c50000)
  from space 512K, 100% used [0x04cd0000, 0x04d50000, 0x04d50000)
  to   space 512K,   0% used [0x04c50000, 0x04c50000, 0x04cd0000)
 tenured generation   total 10944K, used 2276K [0x09d50000, 0x0a800000, 0x14800000)
   the space 10944K,  20% used [0x09d50000, 0x09f893b8, 0x09f89400, 0x0a800000)
 Metaspace       used 6588K, capacity 6871K, committed 6912K, reserved 7552K
Event: 0.502 GC heap after
Heap after GC invocations=4 (full 0):
 def new generation   total 4928K, used 512K [0x04800000, 0x04d50000, 0x09d50000)
  eden space 4416K,   0% used [0x04800000, 0x04800000, 0x04c50000)
  from space 512K, 100% used [0x04c50000, 0x04cd0000, 0x04cd0000)
  to   space 512K,   0% used [0x04cd0000, 0x04cd0000, 0x04d50000)
 tenured generation   total 10944K, used 3334K [0x09d50000, 0x0a800000, 0x14800000)
   the space 10944K,  30% used [0x09d50000, 0x0a0919d8, 0x0a091a00, 0x0a800000)
 Metaspace       used 6588K, capacity 6871K, committed 6912K, reserved 7552K
}
Event: 0.894 GC heap before
{Heap before GC invocations=4 (full 0):
 def new generation   total 4928K, used 4928K [0x04800000, 0x04d50000, 0x09d50000)
  eden space 4416K, 100% used [0x04800000, 0x04c50000, 0x04c50000)
  from space 512K, 100% used [0x04c50000, 0x04cd0000, 0x04cd0000)
  to   space 512K,   0% used [0x04cd0000, 0x04cd0000, 0x04d50000)
 tenured generation   total 10944K, used 3334K [0x09d50000, 0x0a800000, 0x14800000)
   the space 10944K,  30% used [0x09d50000, 0x0a0919d8, 0x0a091a00, 0x0a800000)
 Metaspace       used 7419K, capacity 7708K, committed 7808K, reserved 8576K
Event: 0.904 GC heap after
Heap after GC invocations=5 (full 0):
 def new generation   total 4928K, used 512K [0x04800000, 0x04d50000, 0x09d50000)
  eden space 4416K,   0% used [0x04800000, 0x04800000, 0x04c50000)
  from space 512K, 100% used [0x04cd0000, 0x04d50000, 0x04d50000)
  to   space 512K,   0% used [0x04c50000, 0x04c50000, 0x04cd0000)
 tenured generation   total 10944K, used 4378K [0x09d50000, 0x0a800000, 0x14800000)
   the space 10944K,  40% used [0x09d50000, 0x0a196a70, 0x0a196c00, 0x0a800000)
 Metaspace       used 7419K, capacity 7708K, committed 7808K, reserved 8576K
}
Event: 1.000 GC heap before
{Heap before GC invocations=5 (full 0):
 def new generation   total 4928K, used 4928K [0x04800000, 0x04d50000, 0x09d50000)
  eden space 4416K, 100% used [0x04800000, 0x04c50000, 0x04c50000)
  from space 512K, 100% used [0x04cd0000, 0x04d50000, 0x04d50000)
  to   space 512K,   0% used [0x04c50000, 0x04c50000, 0x04cd0000)
 tenured generation   total 10944K, used 4378K [0x09d50000, 0x0a800000, 0x14800000)
   the space 10944K,  40% used [0x09d50000, 0x0a196a70, 0x0a196c00, 0x0a800000)
 Metaspace       used 8347K, capacity 8650K, committed 8704K, reserved 9600K
Event: 1.003 GC heap after
Heap after GC invocations=6 (full 0):
 def new generation   total 4928K, used 512K [0x04800000, 0x04d50000, 0x09d50000)
  eden space 4416K,   0% used [0x04800000, 0x04800000, 0x04c50000)
  from space 512K, 100% used [0x04c50000, 0x04cd0000, 0x04cd0000)
  to   space 512K,   0% used [0x04cd0000, 0x04cd0000, 0x04d50000)
 tenured generation   total 10944K, used 5167K [0x09d50000, 0x0a800000, 0x14800000)
   the space 10944K,  47% used [0x09d50000, 0x0a25bcb8, 0x0a25be00, 0x0a800000)
 Metaspace       used 8347K, capacity 8650K, committed 8704K, reserved 9600K
}

Deoptimization events (0 events):
No events

Internal exceptions (10 events):
Event: 0.020 Thread 0x002cc400 Exception <a 'java/lang/NoSuchMethodError': Method sun.misc.Unsafe.prefetchRead(Ljava/lang/Object;J)V name or signature does not match> (0x04807178) thrown at [C:\re\workspace\8-2-build-windows-i586-cygwin\jdk8u74\6087\hotspot\src\share\vm\prims\jni.cpp, lq“[©<˘¬?
Event: 0.148 Thread 0x002cc400 Exception <a 'java/lang/NoSuchFieldError': method resolution failed> (0x049864e8) thrown at [C:\re\workspace\8-2-build-windows-i586-cygwin\jdk8u74\6087\hotspot\src\share\vm\prims\methodHandles.cpp, line 1146]
Event: 0.150 Thread 0x002cc400 Exception <a 'java/lang/NoSuchFieldError': method resolution failed> (0x04992638) thrown at [C:\re\workspace\8-2-build-windows-i586-cygwin\jdk8u74\6087\hotspot\src\share\vm\prims\methodHandles.cpp, line 1146]
Event: 0.162 Thread 0x002cc400 Exception <a 'java/security/PrivilegedActionException'> (0x04a13240) thrown at [C:\re\workspace\8-2-build-windows-i586-cygwin\jdk8u74\6087\hotspot\src\share\vm\prims\jvm.cpp, line 1386]
Event: 0.162 Thread 0x002cc400 Exception <a 'java/security/PrivilegedActionException'> (0x04a13440) thrown at [C:\re\workspace\8-2-build-windows-i586-cygwin\jdk8u74\6087\hotspot\src\share\vm\prims\jvm.cpp, line 1386]
Event: 0.162 Thread 0x002cc400 Exception <a 'java/security/PrivilegedActionException'> (0x04a174c8) thrown at [C:\re\workspace\8-2-build-windows-i586-cygwin\jdk8u74\6087\hotspot\src\share\vm\prims\jvm.cpp, line 1386]
Event: 0.162 Thread 0x002cc400 Exception <a 'java/security/PrivilegedActionException'> (0x04a176c8) thrown at [C:\re\workspace\8-2-build-windows-i586-cygwin\jdk8u74\6087\hotspot\src\share\vm\prims\jvm.cpp, line 1386]
Event: 0.162 Thread 0x002cc400 Exception <a 'java/lang/NullPointerException'> (0x04a17c30) thrown at [C:\re\workspace\8-2-build-windows-i586-cygwin\jdk8u74\6087\hotspot\src\share\vm\interpreter\linkResolver.cpp, line 1178]
Event: 0.959 Thread 0x1502a800 Exception <a 'java/lang/NullPointerException'> (0x049a07c8) thrown at [C:\re\workspace\8-2-build-windows-i586-cygwin\jdk8u74\6087\hotspot\src\share\vm\interpreter\linkResolver.cpp, line 1178]
Event: 0.959 Thread 0x1502a800 Exception <a 'java/lang/NullPointerException'> (0x049a07c8) thrown at [C:\re\workspace\8-2-build-windows-i586-cygwin\jdk8u74\6087\hotspot\src\share\vm\prims\jvm.cpp, line 1390]

Events (10 events):
Event: 141.273 Executing VM operation: GetCurrentLocation
Event: 141.273 Executing VM operation: GetCurrentLocation done
Event: 141.273 Executing VM operation: EnterInterpOnlyMode
Event: 141.273 Executing VM operation: EnterInterpOnlyMode done
Event: 141.273 Executing VM operation: ChangeSingleStep
Event: 141.273 Executing VM operation: ChangeSingleStep done
Event: 141.273 Executing VM operation: ChangeSingleStep
Event: 141.273 Executing VM operation: ChangeSingleStep done
Event: 141.282 Executing VM operation: RedefineClasses
Event: 141.285 Executing VM operation: RedefineClasses done


Dynamic libraries:
0x01360000 - 0x01393000 	C:\Program Files (x86)\Java\jdk1.8.0_74\bin\javaw.exe
0x77cb0000 - 0x77e30000 	C:\Windows\SysWOW64\ntdll.dll
0x75800000 - 0x75910000 	C:\Windows\syswow64\kernel32.dll
0x77760000 - 0x777a7000 	C:\Windows\syswow64\KERNELBASE.dll
0x761b0000 - 0x76251000 	C:\Windows\syswow64\ADVAPI32.dll
0x776b0000 - 0x7775c000 	C:\Windows\syswow64\msvcrt.dll
0x75910000 - 0x75929000 	C:\Windows\SysWOW64\sechost.dll
0x75b50000 - 0x75c40000 	C:\Windows\syswow64\RPCRT4.dll
0x75600000 - 0x75660000 	C:\Windows\syswow64\SspiCli.dll
0x755f0000 - 0x755fc000 	C:\Windows\syswow64\CRYPTBASE.dll
0x75930000 - 0x75a30000 	C:\Windows\syswow64\USER32.dll
0x76960000 - 0x769f0000 	C:\Windows\syswow64\GDI32.dll
0x766e0000 - 0x766ea000 	C:\Windows\syswow64\LPK.dll
0x777b0000 - 0x7784d000 	C:\Windows\syswow64\USP10.dll
0x73ac0000 - 0x73c5e000 	C:\Windows\WinSxS\x86_microsoft.windows.common-controls_6595b64144ccf1df_6.0.7601.18837_none_41e855142bd5705d\COMCTL32.dll
0x77850000 - 0x778a7000 	C:\Windows\syswow64\SHLWAPI.dll
0x76770000 - 0x767d0000 	C:\Windows\system32\IMM32.DLL
0x762f0000 - 0x763bc000 	C:\Windows\syswow64\MSCTF.dll
0x75320000 - 0x75366000 	C:\PROGRA~2\Sophos\SOPHOS~1\SOPHOS~1.DLL
0x75cf0000 - 0x75cf5000 	C:\Windows\syswow64\PSAPI.DLL
0x66600000 - 0x666bf000 	C:\Program Files (x86)\Java\jdk1.8.0_74\jre\bin\msvcr100.dll
0x61ae0000 - 0x61ea8000 	C:\Program Files (x86)\Java\jdk1.8.0_74\jre\bin\client\jvm.dll
0x6ee40000 - 0x6ee47000 	C:\Windows\system32\WSOCK32.dll
0x77670000 - 0x776a5000 	C:\Windows\syswow64\WS2_32.dll
0x76410000 - 0x76416000 	C:\Windows\syswow64\NSI.dll
0x73cc0000 - 0x73cf2000 	C:\Windows\system32\WINMM.dll
0x744a0000 - 0x744a9000 	C:\Windows\system32\VERSION.dll
0x747f0000 - 0x747fc000 	C:\Program Files (x86)\Java\jdk1.8.0_74\jre\bin\verify.dll
0x66d20000 - 0x66d41000 	C:\Program Files (x86)\Java\jdk1.8.0_74\jre\bin\java.dll
0x61850000 - 0x61879000 	C:\Program Files (x86)\Java\jdk1.8.0_74\jre\bin\jdwp.dll
0x66410000 - 0x66417000 	C:\Program Files (x86)\Java\jdk1.8.0_74\jre\bin\npt.dll
0x66d00000 - 0x66d13000 	C:\Program Files (x86)\Java\jdk1.8.0_74\jre\bin\zip.dll
0x76a20000 - 0x7766b000 	C:\Windows\syswow64\SHELL32.dll
0x76450000 - 0x765ac000 	C:\Windows\syswow64\ole32.dll
0x75d00000 - 0x75d0b000 	C:\Windows\syswow64\profapi.dll
0x66440000 - 0x66448000 	C:\Program Files (x86)\Java\jdk1.8.0_74\jre\bin\dt_socket.dll
0x73490000 - 0x734a0000 	C:\Windows\system32\NLAapi.dll
0x73480000 - 0x73490000 	C:\Windows\system32\napinsp.dll
0x73460000 - 0x73472000 	C:\Windows\system32\pnrpnsp.dll
0x73570000 - 0x735ac000 	C:\Windows\System32\mswsock.dll
0x733c0000 - 0x73404000 	C:\Windows\system32\DNSAPI.dll
0x733b0000 - 0x733b8000 	C:\Windows\System32\winrnr.dll
0x745d0000 - 0x745ec000 	C:\Windows\system32\IPHLPAPI.DLL
0x745c0000 - 0x745c7000 	C:\Windows\system32\WINNSI.DLL
0x724f0000 - 0x72528000 	C:\Windows\System32\fwpuclnt.dll
0x724e0000 - 0x724e6000 	C:\Windows\system32\rasadhlp.dll
0x01290000 - 0x012e8000 	C:\Windows\system32\LavasoftTcpService.dll
0x75c50000 - 0x75cdf000 	C:\Windows\syswow64\OLEAUT32.dll
0x73550000 - 0x73555000 	C:\Windows\System32\wshtcpip.dll
0x6d630000 - 0x6d6b0000 	C:\Windows\system32\uxtheme.dll
0x619f0000 - 0x61ade000 	C:\Program Files (x86)\Java\jdk1.8.0_74\jre\bin\msvcr120.dll
0x66580000 - 0x665f1000 	C:\Program Files (x86)\Java\jdk1.8.0_74\jre\bin\msvcp120.dll
0x66ce0000 - 0x66cff000 	C:\Program Files (x86)\Java\jdk1.8.0_74\jre\bin\prism_d3d.dll
0x68980000 - 0x68b43000 	C:\Windows\system32\d3d9.dll
0x68970000 - 0x68976000 	C:\Windows\system32\d3d8thk.dll
0x6d5f0000 - 0x6d603000 	C:\Windows\system32\dwmapi.dll
0x75a30000 - 0x75ab3000 	C:\Windows\syswow64\CLBCatQ.DLL
0x67f70000 - 0x68969000 	C:\Windows\system32\igdumdim32.dll
0x67bf0000 - 0x67f6a000 	C:\Windows\system32\igdusc32.dll
0x752b0000 - 0x752c7000 	C:\Windows\system32\CRYPTSP.dll
0x75270000 - 0x752ab000 	C:\Windows\system32\rsaenh.dll
0x75260000 - 0x7526e000 	C:\Windows\system32\RpcRtRemote.dll
0x75200000 - 0x7525f000 	C:\Windows\system32\SXS.DLL
0x66b30000 - 0x66b63000 	C:\Program Files (x86)\Java\jdk1.8.0_74\jre\bin\glass.dll
0x766f0000 - 0x7676b000 	C:\Windows\syswow64\COMDLG32.dll
0x66490000 - 0x664a6000 	C:\Program Files (x86)\Java\jdk1.8.0_74\jre\bin\net.dll
0x70be0000 - 0x70be6000 	C:\Windows\System32\wship6.dll
0x75ad0000 - 0x75ae7000 	C:\Windows\syswow64\USERENV.dll
0x72540000 - 0x7254d000 	C:\Windows\system32\dhcpcsvc6.DLL
0x734b0000 - 0x734c2000 	C:\Windows\system32\dhcpcsvc.DLL
0x66480000 - 0x6648f000 	C:\Program Files (x86)\Java\jdk1.8.0_74\jre\bin\nio.dll
0x66460000 - 0x66480000 	C:\Program Files (x86)\Java\jdk1.8.0_74\jre\bin\sunec.dll
0x72940000 - 0x72a2b000 	C:\Windows\system32\dbghelp.dll

VM Arguments:
jvm_args: -agentlib:jdwp=transport=dt_socket,suspend=y,address=localhost:64502 -Dfile.encoding=Cp1252 
java_command: com.tableview.manager.FxTableViewExample2
java_class_path (initial): D:\devspace\java\TableViewManager\bin;D:\devspace\java\Panicpp\bin;D:\devspace\java\Panicpp\lib\sqljdbc41.jar;D:\devspace\java\Essentials\bin
Launcher Type: SUN_STANDARD

Environment Variables:
PATH=C:\Program Files (x86)\Java\jdk1.8.0_74\jre\bin;C:/Program Files (x86)/Java/jre1.8.0_74/bin/client;C:/Program Files (x86)/Java/jre1.8.0_74/bin;C:/Program Files (x86)/Java/jre1.8.0_74/lib/i386;C:\ProgramData\Oracle\Java\javapath;C:\Windows\system32;C:\Windows;C:\Windows\System32\Wbem;C:\Windows\System32\WindowsPowerShell\v1.0\;C:\Windows\System32\WindowsPowerShell\v1.0\;C:\Program Files (x86)\GitExtensions\;C:\Program Files (x86)\Git\cmd;%JAVA_PATH%\bin;C:\Program Files (x86)\Eclipse\Mars;
USERNAME=ca.leumaleu
OS=Windows_NT
PROCESSOR_IDENTIFIER=Intel64 Family 6 Model 60 Stepping 3, GenuineIntel



---------------  S Y S T E M  ---------------

OS: Windows 7 , 64 bit Build 7601 (6.1.7601.19160)

CPU:total 8 (4 cores per cpu, 2 threads per core) family 6 model 60 stepping 3, cmov, cx8, fxsr, mmx, sse, sse2, sse3, ssse3, sse4.1, sse4.2, popcnt, avx, avx2, aes, clmul, erms, lzcnt, ht, tsc, tscinvbit, bmi1, bmi2

Memory: 4k page, physical 16657556k(12524224k free), swap 33313276k(27657224k free)

vm_info: Java HotSpot(TM) Client VM (25.74-b02) for windows-x86 JRE (1.8.0_74-b02), built on Jan 29 2016 17:47:57 by "java_re" with MS VC++ 10.0 (VS2010)

time: Thu Mar 17 15:13:24 2016
elapsed time: 141 seconds (0d 0h 2m 21s)

